Performing C SOURCE FILE Test CMAKE_HAVE_LIBC_PTHREAD failed with the following output:
Change Dir: /home/basana/simulation/muon_e_scattering/B1-build-mu/CMakeFiles/CMakeTmp

Run Build Command(s):/usr/bin/gmake cmTC_29b85/fast && /usr/bin/gmake  -f CMakeFiles/cmTC_29b85.dir/build.make CMakeFiles/cmTC_29b85.dir/build
gmake[1]: Entering directory `/home/basana/simulation/muon_e_scattering/B1-build-mu/CMakeFiles/CMakeTmp'
Building C object CMakeFiles/cmTC_29b85.dir/src.c.o
/opt/rh/devtoolset-11/root/bin/gcc   -DCMAKE_HAVE_LIBC_PTHREAD   -o CMakeFiles/cmTC_29b85.dir/src.c.o   -c /home/basana/simulation/muon_e_scattering/B1-build-mu/CMakeFiles/CMakeTmp/src.c
Linking C executable cmTC_29b85
/usr/bin/cmake3 -E cmake_link_script CMakeFiles/cmTC_29b85.dir/link.txt --verbose=1
/opt/rh/devtoolset-11/root/bin/gcc  -DCMAKE_HAVE_LIBC_PTHREAD    CMakeFiles/cmTC_29b85.dir/src.c.o  -o cmTC_29b85 
/opt/rh/devtoolset-11/root/usr/libexec/gcc/x86_64-redhat-linux/11/ld: CMakeFiles/cmTC_29b85.dir/src.c.o: in function `main':
src.c:(.text+0x2d): undefined reference to `pthread_create'
/opt/rh/devtoolset-11/root/usr/libexec/gcc/x86_64-redhat-linux/11/ld: src.c:(.text+0x39): undefined reference to `pthread_detach'
/opt/rh/devtoolset-11/root/usr/libexec/gcc/x86_64-redhat-linux/11/ld: src.c:(.text+0x45): undefined reference to `pthread_cancel'
/opt/rh/devtoolset-11/root/usr/libexec/gcc/x86_64-redhat-linux/11/ld: src.c:(.text+0x56): undefined reference to `pthread_join'
/opt/rh/devtoolset-11/root/usr/libexec/gcc/x86_64-redhat-linux/11/ld: src.c:(.text+0x6a): undefined reference to `pthread_atfork'
collect2: error: ld returned 1 exit status
gmake[1]: *** [cmTC_29b85] Error 1
gmake[1]: Leaving directory `/home/basana/simulation/muon_e_scattering/B1-build-mu/CMakeFiles/CMakeTmp'
gmake: *** [cmTC_29b85/fast] Error 2


Source file was:
#include <pthread.h>

void* test_func(void* data)
{
  return data;
}

int main(void)
{
  pthread_t thread;
  pthread_create(&thread, NULL, test_func, NULL);
  pthread_detach(thread);
  pthread_cancel(thread);
  pthread_join(thread, NULL);
  pthread_atfork(NULL, NULL, NULL);
  pthread_exit(NULL);

  return 0;
}

